
ROM used:   25/8192 (0%)
            25/8192 (0%) including unused fragments

            0.0 Average locations per line
            12.5 Average locations per statement

RAM used:   5/368 (1%) at main() level
            5/368 (1%) worst case

Stack used: 0 worst case (0 in main + 0 for interrupts)
Stack size: 8

Lines Stmts  %   Files
----- ----- ---  -----
   16     2 100  CircuitoC.c
  751     0   0  ..\..\..\..\..\..\..\Program Files (x86)\PICC\Devices\16f886.h
----- -----
  767     2 Total

Page ROM  %  RAM   Vol Diff  Functions:
---- --- --- ---   --- ----  ----------
0     21  84    0    14  0.8  main
 Inline         0   367  5.6  @cinit1

Program metrics:
    Functions               2
    Statements              2
    Comments                130
    Volume (V)              411
    Difficulty (D)          6.8
    Effort to implement (E) 2794
    Time to implement (T)   3 minutes
    Est Delivered Bugs (B)  0
    Cyclomatic Complexity   3
    Maintainability (MI)    139

 Segment     Used  Free
-----------  ----  ----
00000-00003     4  0  
00004-007FF    21  2023  
00800-00FFF     0  2048  
01000-017FF     0  2048  
01800-01FFF     0  2048  



